<?xml version="1.0" encoding="UTF-8"?>
<!-- Generated by org.testng.reporters.JUnitReportReporter -->
<testsuite skipped="0" hostname="LAPTOP-9INQP76E" name="apiAutomationWithRestAssured.TC_005_Delete_Request" tests="1" failures="0" timestamp="23 Jun 2019 21:00:57 GMT" time="1.647" errors="0">
  <testcase name="delData" time="1.647" classname="apiAutomationWithRestAssured.TC_005_Delete_Request"/>
</testsuite> <!-- apiAutomationWithRestAssured.TC_005_Delete_Request -->
