<?xml version="1.0" encoding="UTF-8"?>
<!-- Generated by org.testng.reporters.JUnitReportReporter -->
<testsuite skipped="0" hostname="LAPTOP-9INQP76E" name="apiAutomationWithRestAssured.TC_002_Get_Request" tests="1" failures="0" timestamp="23 Jun 2019 00:19:39 GMT" time="2.204" errors="0">
  <testcase name="googleMapTest" time="2.204" classname="apiAutomationWithRestAssured.TC_002_Get_Request"/>
</testsuite> <!-- apiAutomationWithRestAssured.TC_002_Get_Request -->
