<?xml version="1.0" encoding="UTF-8"?>
<!-- Generated by org.testng.reporters.JUnitReportReporter -->
<testsuite skipped="0" hostname="LAPTOP-9INQP76E" name="apiAutomationWithRestAssured.TC_001_Get_Request" tests="1" failures="0" timestamp="22 Jun 2019 20:50:44 GMT" time="1.752" errors="0">
  <testcase name="getWeatherDetails" time="1.752" classname="apiAutomationWithRestAssured.TC_001_Get_Request"/>
</testsuite> <!-- apiAutomationWithRestAssured.TC_001_Get_Request -->
