<?xml version="1.0" encoding="UTF-8"?>
<!-- Generated by org.testng.reporters.JUnitReportReporter -->
<testsuite skipped="0" hostname="LAPTOP-9INQP76E" name="apiAutomationWithRestAssured.TC_001_Get_Request" tests="1" failures="0" timestamp="23 Jun 2019 19:51:16 GMT" time="2.580" errors="0">
  <testcase name="getWeatherDetails" time="2.580" classname="apiAutomationWithRestAssured.TC_001_Get_Request"/>
</testsuite> <!-- apiAutomationWithRestAssured.TC_001_Get_Request -->
