<?xml version="1.0" encoding="UTF-8"?>
<!-- Generated by org.testng.reporters.JUnitReportReporter -->
<testsuite skipped="0" hostname="LAPTOP-9INQP76E" name="apiAutomationWithRestAssured.TC_004_POST_Request" tests="1" failures="0" timestamp="23 Jun 2019 20:24:49 GMT" time="1.829" errors="0">
  <testcase name="addData" time="1.829" classname="apiAutomationWithRestAssured.TC_004_POST_Request"/>
</testsuite> <!-- apiAutomationWithRestAssured.TC_004_POST_Request -->
