<?xml version="1.0" encoding="UTF-8"?>
<!-- Generated by org.testng.reporters.JUnitReportReporter -->
<testsuite skipped="0" hostname="LAPTOP-9INQP76E" name="apiAutomationWithRestAssured.TC_006_Put_Request" tests="1" failures="0" timestamp="23 Jun 2019 21:02:03 GMT" time="1.694" errors="0">
  <testcase name="updateData" time="1.694" classname="apiAutomationWithRestAssured.TC_006_Put_Request"/>
</testsuite> <!-- apiAutomationWithRestAssured.TC_006_Put_Request -->
